<!DOCTYPE html>
<html>
  <head>
    <meta charset="utf-8"/>
    <title>report.html</title>
    <link href="assets/style.css" rel="stylesheet" type="text/css"/></head>
  <body onLoad="init()">
    <script>/* This Source Code Form is subject to the terms of the Mozilla Public
 * License, v. 2.0. If a copy of the MPL was not distributed with this file,
 * You can obtain one at http://mozilla.org/MPL/2.0/. */


function toArray(iter) {
    if (iter === null) {
        return null;
    }
    return Array.prototype.slice.call(iter);
}

function find(selector, elem) { // eslint-disable-line no-redeclare
    if (!elem) {
        elem = document;
    }
    return elem.querySelector(selector);
}

function findAll(selector, elem) {
    if (!elem) {
        elem = document;
    }
    return toArray(elem.querySelectorAll(selector));
}

function sortColumn(elem) {
    toggleSortStates(elem);
    const colIndex = toArray(elem.parentNode.childNodes).indexOf(elem);
    let key;
    if (elem.classList.contains('result')) {
        key = keyResult;
    } else if (elem.classList.contains('links')) {
        key = keyLink;
    } else {
        key = keyAlpha;
    }
    sortTable(elem, key(colIndex));
}

function showAllExtras() { // eslint-disable-line no-unused-vars
    findAll('.col-result').forEach(showExtras);
}

function hideAllExtras() { // eslint-disable-line no-unused-vars
    findAll('.col-result').forEach(hideExtras);
}

function showExtras(colresultElem) {
    const extras = colresultElem.parentNode.nextElementSibling;
    const expandcollapse = colresultElem.firstElementChild;
    extras.classList.remove('collapsed');
    expandcollapse.classList.remove('expander');
    expandcollapse.classList.add('collapser');
}

function hideExtras(colresultElem) {
    const extras = colresultElem.parentNode.nextElementSibling;
    const expandcollapse = colresultElem.firstElementChild;
    extras.classList.add('collapsed');
    expandcollapse.classList.remove('collapser');
    expandcollapse.classList.add('expander');
}

function showFilters() {
    let visibleString = getQueryParameter('visible') || 'all';
    visibleString = visibleString.toLowerCase();
    const checkedItems = visibleString.split(',');

    const filterItems = document.getElementsByClassName('filter');
    for (let i = 0; i < filterItems.length; i++) {
        filterItems[i].hidden = false;

        if (visibleString != 'all') {
            filterItems[i].checked = checkedItems.includes(filterItems[i].getAttribute('data-test-result'));
            filterTable(filterItems[i]);
        }
    }
}

function addCollapse() {
    // Add links for show/hide all
    const resulttable = find('table#results-table');
    const showhideall = document.createElement('p');
    showhideall.innerHTML = '<a href="javascript:showAllExtras()">Show all details</a> / ' +
                            '<a href="javascript:hideAllExtras()">Hide all details</a>';
    resulttable.parentElement.insertBefore(showhideall, resulttable);

    // Add show/hide link to each result
    findAll('.col-result').forEach(function(elem) {
        const collapsed = getQueryParameter('collapsed') || 'Passed';
        const extras = elem.parentNode.nextElementSibling;
        const expandcollapse = document.createElement('span');
        if (extras.classList.contains('collapsed')) {
            expandcollapse.classList.add('expander');
        } else if (collapsed.includes(elem.innerHTML)) {
            extras.classList.add('collapsed');
            expandcollapse.classList.add('expander');
        } else {
            expandcollapse.classList.add('collapser');
        }
        elem.appendChild(expandcollapse);

        elem.addEventListener('click', function(event) {
            if (event.currentTarget.parentNode.nextElementSibling.classList.contains('collapsed')) {
                showExtras(event.currentTarget);
            } else {
                hideExtras(event.currentTarget);
            }
        });
    });
}

function getQueryParameter(name) {
    const match = RegExp('[?&]' + name + '=([^&]*)').exec(window.location.search);
    return match && decodeURIComponent(match[1].replace(/\+/g, ' '));
}

function init () { // eslint-disable-line no-unused-vars
    resetSortHeaders();

    addCollapse();

    showFilters();

    sortColumn(find('.initial-sort'));

    findAll('.sortable').forEach(function(elem) {
        elem.addEventListener('click',
            function() {
                sortColumn(elem);
            }, false);
    });
}

function sortTable(clicked, keyFunc) {
    const rows = findAll('.results-table-row');
    const reversed = !clicked.classList.contains('asc');
    const sortedRows = sort(rows, keyFunc, reversed);
    /* Whole table is removed here because browsers acts much slower
     * when appending existing elements.
     */
    const thead = document.getElementById('results-table-head');
    document.getElementById('results-table').remove();
    const parent = document.createElement('table');
    parent.id = 'results-table';
    parent.appendChild(thead);
    sortedRows.forEach(function(elem) {
        parent.appendChild(elem);
    });
    document.getElementsByTagName('BODY')[0].appendChild(parent);
}

function sort(items, keyFunc, reversed) {
    const sortArray = items.map(function(item, i) {
        return [keyFunc(item), i];
    });

    sortArray.sort(function(a, b) {
        const keyA = a[0];
        const keyB = b[0];

        if (keyA == keyB) return 0;

        if (reversed) {
            return keyA < keyB ? 1 : -1;
        } else {
            return keyA > keyB ? 1 : -1;
        }
    });

    return sortArray.map(function(item) {
        const index = item[1];
        return items[index];
    });
}

function keyAlpha(colIndex) {
    return function(elem) {
        return elem.childNodes[1].childNodes[colIndex].firstChild.data.toLowerCase();
    };
}

function keyLink(colIndex) {
    return function(elem) {
        const dataCell = elem.childNodes[1].childNodes[colIndex].firstChild;
        return dataCell == null ? '' : dataCell.innerText.toLowerCase();
    };
}

function keyResult(colIndex) {
    return function(elem) {
        const strings = ['Error', 'Failed', 'Rerun', 'XFailed', 'XPassed',
            'Skipped', 'Passed'];
        return strings.indexOf(elem.childNodes[1].childNodes[colIndex].firstChild.data);
    };
}

function resetSortHeaders() {
    findAll('.sort-icon').forEach(function(elem) {
        elem.parentNode.removeChild(elem);
    });
    findAll('.sortable').forEach(function(elem) {
        const icon = document.createElement('div');
        icon.className = 'sort-icon';
        icon.textContent = 'vvv';
        elem.insertBefore(icon, elem.firstChild);
        elem.classList.remove('desc', 'active');
        elem.classList.add('asc', 'inactive');
    });
}

function toggleSortStates(elem) {
    //if active, toggle between asc and desc
    if (elem.classList.contains('active')) {
        elem.classList.toggle('asc');
        elem.classList.toggle('desc');
    }

    //if inactive, reset all other functions and add ascending active
    if (elem.classList.contains('inactive')) {
        resetSortHeaders();
        elem.classList.remove('inactive');
        elem.classList.add('active');
    }
}

function isAllRowsHidden(value) {
    return value.hidden == false;
}

function filterTable(elem) { // eslint-disable-line no-unused-vars
    const outcomeAtt = 'data-test-result';
    const outcome = elem.getAttribute(outcomeAtt);
    const classOutcome = outcome + ' results-table-row';
    const outcomeRows = document.getElementsByClassName(classOutcome);

    for(let i = 0; i < outcomeRows.length; i++){
        outcomeRows[i].hidden = !elem.checked;
    }

    const rows = findAll('.results-table-row').filter(isAllRowsHidden);
    const allRowsHidden = rows.length == 0 ? true : false;
    const notFoundMessage = document.getElementById('not-found-message');
    notFoundMessage.hidden = !allRowsHidden;
}
</script>
    <h1>report.html</h1>
    <p>Report generated on 30-Jun-2023 at 12:00:47 by <a href="https://pypi.python.org/pypi/pytest-html">pytest-html</a> v3.2.0</p>
    <h2>Summary</h2>
    <p>10 tests ran in 189.15 seconds. </p>
    <p class="filter" hidden="true">(Un)check the boxes to filter the results.</p><input checked="true" class="filter" data-test-result="passed" hidden="true" name="filter_checkbox" onChange="filterTable(this)" type="checkbox"/><span class="passed">8 passed</span>, <input checked="true" class="filter" data-test-result="skipped" disabled="true" hidden="true" name="filter_checkbox" onChange="filterTable(this)" type="checkbox"/><span class="skipped">0 skipped</span>, <input checked="true" class="filter" data-test-result="failed" hidden="true" name="filter_checkbox" onChange="filterTable(this)" type="checkbox"/><span class="failed">2 failed</span>, <input checked="true" class="filter" data-test-result="error" disabled="true" hidden="true" name="filter_checkbox" onChange="filterTable(this)" type="checkbox"/><span class="error">0 errors</span>, <input checked="true" class="filter" data-test-result="xfailed" disabled="true" hidden="true" name="filter_checkbox" onChange="filterTable(this)" type="checkbox"/><span class="xfailed">0 expected failures</span>, <input checked="true" class="filter" data-test-result="xpassed" disabled="true" hidden="true" name="filter_checkbox" onChange="filterTable(this)" type="checkbox"/><span class="xpassed">0 unexpected passes</span>
    <h2>Results</h2>
    <table id="results-table">
      <thead id="results-table-head">
        <tr>
          <th class="sortable result initial-sort" col="result">Result</th>
          <th class="sortable" col="name">Test</th>
          <th class="sortable" col="duration">Duration</th>
          <th class="sortable links" col="links">Links</th></tr>
        <tr hidden="true" id="not-found-message">
          <th colspan="4">No results found. Try to check the filters</th></tr></thead>
      <tbody class="failed results-table-row">
        <tr>
          <td class="col-result">Failed</td>
          <td class="col-name">test_exportCustomerEXCEL_Selected.py::Test_ExportCustomerExcel_009::test_exportCustomerXML</td>
          <td class="col-duration">8.67</td>
          <td class="col-links"></td></tr>
        <tr>
          <td class="extra" colspan="4">
            <div class="log">self = &lt;testCases.test_exportCustomerEXCEL_Selected.Test_ExportCustomerExcel_009 object at 0x0000018CEA21A050&gt;<br/>setup = &lt;selenium.webdriver.chrome.webdriver.WebDriver (session=&quot;95ef202aaca999280184b84c6f3a7f6d&quot;)&gt;<br/><br/>    def test_exportCustomerXML(self, setup):<br/>        self.logger.info(&quot;****************** Search Customer By Email **************&quot;)<br/>        self.driver = setup<br/>        self.driver.get(self.baseURL)<br/>        self.driver.maximize_window()<br/>    <br/>        self.lp = LoginPage(self.driver)<br/>        self.lp.setUserName(self.username)<br/>        self.lp.setPassword(self.password)<br/>        self.lp.clickLogin()<br/>        self.logger.info(&quot;************************* Login Successful ****************&quot;)<br/>    <br/>        self.logger.info(&quot;*************************** Export customer details Test Start *************************&quot;)<br/>    <br/>        self.exportCust = exportCustomer(self.driver)<br/>        self.exportCust.clickOnCustomersMenu()<br/>        self.exportCust.clickOnCustomersMenuItem()<br/>    <br/>        self.logger.info(&quot;******************** Exporting Customer Excel Selected ******************&quot;)<br/>    <br/>&gt;       self.exportCust.clickOnTableMainCheckbox()<br/><br/>testCases\test_exportCustomerEXCEL_Selected.py:39: <br/>_ _ _ _ _ _ _ _ _ _ _ _ _ _ _ _ _ _ _ _ _ _ _ _ _ _ _ _ _ _ _ _ _ _ _ _ _ _ _ _ <br/>pageObjects\exportCustomer.py:29: in clickOnTableMainCheckbox<br/>    self.driver.find_element(By.XPATH, self.tblMainCheckbox1_xpath).click()<br/>C:\Users\ndevaraj\AppData\Local\Programs\Python\Python311\Lib\site-packages\selenium\webdriver\remote\webdriver.py:830: in find_element<br/>    return self.execute(Command.FIND_ELEMENT, {&quot;using&quot;: by, &quot;value&quot;: value})[&quot;value&quot;]<br/>C:\Users\ndevaraj\AppData\Local\Programs\Python\Python311\Lib\site-packages\selenium\webdriver\remote\webdriver.py:440: in execute<br/>    self.error_handler.check_response(response)<br/>_ _ _ _ _ _ _ _ _ _ _ _ _ _ _ _ _ _ _ _ _ _ _ _ _ _ _ _ _ _ _ _ _ _ _ _ _ _ _ _ <br/><br/>self = &lt;selenium.webdriver.remote.errorhandler.ErrorHandler object at 0x0000018CEA800ED0&gt;<br/>response = {&#x27;status&#x27;: 404, &#x27;value&#x27;: &#x27;{&quot;value&quot;:{&quot;error&quot;:&quot;no such element&quot;,&quot;message&quot;:&quot;no such element: Unable to locate element: {\...jectPath [0x77BD7B4E+286]\\n\\tRtlGetAppContainerNamedObjectPath [0x77BD7B1E+238]\\n\\t(No symbol) [0x00000000]\\n&quot;}}&#x27;}<br/><br/>    def check_response(self, response: Dict[str, Any]) -&gt; None:<br/>        &quot;&quot;&quot;Checks that a JSON response from the WebDriver does not have an<br/>        error.<br/>    <br/>        :Args:<br/>         - response - The JSON response from the WebDriver server as a dictionary<br/>           object.<br/>    <br/>        :Raises: If the response contains an error message.<br/>        &quot;&quot;&quot;<br/>        status = response.get(&quot;status&quot;, None)<br/>        if not status or status == ErrorCode.SUCCESS:<br/>            return<br/>        value = None<br/>        message = response.get(&quot;message&quot;, &quot;&quot;)<br/>        screen: str = response.get(&quot;screen&quot;, &quot;&quot;)<br/>        stacktrace = None<br/>        if isinstance(status, int):<br/>            value_json = response.get(&quot;value&quot;, None)<br/>            if value_json and isinstance(value_json, str):<br/>                import json<br/>    <br/>                try:<br/>                    value = json.loads(value_json)<br/>                    if len(value.keys()) == 1:<br/>                        value = value[&quot;value&quot;]<br/>                    status = value.get(&quot;error&quot;, None)<br/>                    if not status:<br/>                        status = value.get(&quot;status&quot;, ErrorCode.UNKNOWN_ERROR)<br/>                        message = value.get(&quot;value&quot;) or value.get(&quot;message&quot;)<br/>                        if not isinstance(message, str):<br/>                            value = message<br/>                            message = message.get(&quot;message&quot;)<br/>                    else:<br/>                        message = value.get(&quot;message&quot;, None)<br/>                except ValueError:<br/>                    pass<br/>    <br/>        exception_class: Type[WebDriverException]<br/>        if status in ErrorCode.NO_SUCH_ELEMENT:<br/>            exception_class = NoSuchElementException<br/>        elif status in ErrorCode.NO_SUCH_FRAME:<br/>            exception_class = NoSuchFrameException<br/>        elif status in ErrorCode.NO_SUCH_SHADOW_ROOT:<br/>            exception_class = NoSuchShadowRootException<br/>        elif status in ErrorCode.NO_SUCH_WINDOW:<br/>            exception_class = NoSuchWindowException<br/>        elif status in ErrorCode.STALE_ELEMENT_REFERENCE:<br/>            exception_class = StaleElementReferenceException<br/>        elif status in ErrorCode.ELEMENT_NOT_VISIBLE:<br/>            exception_class = ElementNotVisibleException<br/>        elif status in ErrorCode.INVALID_ELEMENT_STATE:<br/>            exception_class = InvalidElementStateException<br/>        elif (<br/>            status in ErrorCode.INVALID_SELECTOR<br/>            or status in ErrorCode.INVALID_XPATH_SELECTOR<br/>            or status in ErrorCode.INVALID_XPATH_SELECTOR_RETURN_TYPER<br/>        ):<br/>            exception_class = InvalidSelectorException<br/>        elif status in ErrorCode.ELEMENT_IS_NOT_SELECTABLE:<br/>            exception_class = ElementNotSelectableException<br/>        elif status in ErrorCode.ELEMENT_NOT_INTERACTABLE:<br/>            exception_class = ElementNotInteractableException<br/>        elif status in ErrorCode.INVALID_COOKIE_DOMAIN:<br/>            exception_class = InvalidCookieDomainException<br/>        elif status in ErrorCode.UNABLE_TO_SET_COOKIE:<br/>            exception_class = UnableToSetCookieException<br/>        elif status in ErrorCode.TIMEOUT:<br/>            exception_class = TimeoutException<br/>        elif status in ErrorCode.SCRIPT_TIMEOUT:<br/>            exception_class = TimeoutException<br/>        elif status in ErrorCode.UNKNOWN_ERROR:<br/>            exception_class = WebDriverException<br/>        elif status in ErrorCode.UNEXPECTED_ALERT_OPEN:<br/>            exception_class = UnexpectedAlertPresentException<br/>        elif status in ErrorCode.NO_ALERT_OPEN:<br/>            exception_class = NoAlertPresentException<br/>        elif status in ErrorCode.IME_NOT_AVAILABLE:<br/>            exception_class = ImeNotAvailableException<br/>        elif status in ErrorCode.IME_ENGINE_ACTIVATION_FAILED:<br/>            exception_class = ImeActivationFailedException<br/>        elif status in ErrorCode.MOVE_TARGET_OUT_OF_BOUNDS:<br/>            exception_class = MoveTargetOutOfBoundsException<br/>        elif status in ErrorCode.JAVASCRIPT_ERROR:<br/>            exception_class = JavascriptException<br/>        elif status in ErrorCode.SESSION_NOT_CREATED:<br/>            exception_class = SessionNotCreatedException<br/>        elif status in ErrorCode.INVALID_ARGUMENT:<br/>            exception_class = InvalidArgumentException<br/>        elif status in ErrorCode.NO_SUCH_COOKIE:<br/>            exception_class = NoSuchCookieException<br/>        elif status in ErrorCode.UNABLE_TO_CAPTURE_SCREEN:<br/>            exception_class = ScreenshotException<br/>        elif status in ErrorCode.ELEMENT_CLICK_INTERCEPTED:<br/>            exception_class = ElementClickInterceptedException<br/>        elif status in ErrorCode.INSECURE_CERTIFICATE:<br/>            exception_class = InsecureCertificateException<br/>        elif status in ErrorCode.INVALID_COORDINATES:<br/>            exception_class = InvalidCoordinatesException<br/>        elif status in ErrorCode.INVALID_SESSION_ID:<br/>            exception_class = InvalidSessionIdException<br/>        elif status in ErrorCode.UNKNOWN_METHOD:<br/>            exception_class = UnknownMethodException<br/>        else:<br/>            exception_class = WebDriverException<br/>        if not value:<br/>            value = response[&quot;value&quot;]<br/>        if isinstance(value, str):<br/>            raise exception_class(value)<br/>        if message == &quot;&quot; and &quot;message&quot; in value:<br/>            message = value[&quot;message&quot;]<br/>    <br/>        screen = None  # type: ignore[assignment]<br/>        if &quot;screen&quot; in value:<br/>            screen = value[&quot;screen&quot;]<br/>    <br/>        stacktrace = None<br/>        st_value = value.get(&quot;stackTrace&quot;) or value.get(&quot;stacktrace&quot;)<br/>        if st_value:<br/>            if isinstance(st_value, str):<br/>                stacktrace = st_value.split(&quot;\n&quot;)<br/>            else:<br/>                stacktrace = []<br/>                try:<br/>                    for frame in st_value:<br/>                        line = frame.get(&quot;lineNumber&quot;, &quot;&quot;)<br/>                        file = frame.get(&quot;fileName&quot;, &quot;&lt;anonymous&gt;&quot;)<br/>                        if line:<br/>                            file = f&quot;{file}:{line}&quot;<br/>                        meth = frame.get(&quot;methodName&quot;, &quot;&lt;anonymous&gt;&quot;)<br/>                        if &quot;className&quot; in frame:<br/>                            meth = f&quot;{frame[&#x27;className&#x27;]}.{meth}&quot;<br/>                        msg = &quot;    at %s (%s)&quot;<br/>                        msg = msg % (meth, file)<br/>                        stacktrace.append(msg)<br/>                except TypeError:<br/>                    pass<br/>        if exception_class == UnexpectedAlertPresentException:<br/>            alert_text = None<br/>            if &quot;data&quot; in value:<br/>                alert_text = value[&quot;data&quot;].get(&quot;text&quot;)<br/>            elif &quot;alert&quot; in value:<br/>                alert_text = value[&quot;alert&quot;].get(&quot;text&quot;)<br/>            raise exception_class(message, screen, stacktrace, alert_text)  # type: ignore[call-arg]  # mypy is not smart enough here<br/>&gt;       raise exception_class(message, screen, stacktrace)<br/><span class="error">E       selenium.common.exceptions.NoSuchElementException: Message: no such element: Unable to locate element: {&quot;method&quot;:&quot;xpath&quot;,&quot;selector&quot;:&quot;//tbody/tr/td/input[@value=&#x27;6&#x27;]&quot;}</span><br/><span class="error">E         (Session info: chrome=114.0.5735.134)</span><br/><span class="error">E       Stacktrace:</span><br/><span class="error">E       Backtrace:</span><br/><span class="error">E       	GetHandleVerifier [0x0023A813+48355]</span><br/><span class="error">E       	(No symbol) [0x001CC4B1]</span><br/><span class="error">E       	(No symbol) [0x000D5358]</span><br/><span class="error">E       	(No symbol) [0x001009A5]</span><br/><span class="error">E       	(No symbol) [0x00100B3B]</span><br/><span class="error">E       	(No symbol) [0x0012E232]</span><br/><span class="error">E       	(No symbol) [0x0011A784]</span><br/><span class="error">E       	(No symbol) [0x0012C922]</span><br/><span class="error">E       	(No symbol) [0x0011A536]</span><br/><span class="error">E       	(No symbol) [0x000F82DC]</span><br/><span class="error">E       	(No symbol) [0x000F93DD]</span><br/><span class="error">E       	GetHandleVerifier [0x0049AABD+2539405]</span><br/><span class="error">E       	GetHandleVerifier [0x004DA78F+2800735]</span><br/><span class="error">E       	GetHandleVerifier [0x004D456C+2775612]</span><br/><span class="error">E       	GetHandleVerifier [0x002C51E0+616112]</span><br/><span class="error">E       	(No symbol) [0x001D5F8C]</span><br/><span class="error">E       	(No symbol) [0x001D2328]</span><br/><span class="error">E       	(No symbol) [0x001D240B]</span><br/><span class="error">E       	(No symbol) [0x001C4FF7]</span><br/><span class="error">E       	BaseThreadInitThunk [0x760900C9+25]</span><br/><span class="error">E       	RtlGetAppContainerNamedObjectPath [0x77BD7B4E+286]</span><br/><span class="error">E       	RtlGetAppContainerNamedObjectPath [0x77BD7B1E+238]</span><br/><span class="error">E       	(No symbol) [0x00000000]</span><br/><br/>C:\Users\ndevaraj\AppData\Local\Programs\Python\Python311\Lib\site-packages\selenium\webdriver\remote\errorhandler.py:245: NoSuchElementException<br/> -----------------------------Captured stdout setup------------------------------ <br/>Launching Chrome Browser.............
<br/> -------------------------------Captured log call-------------------------------- <br/>INFO     root:test_exportCustomerEXCEL_Selected.py:20 ****************** Search Customer By Email **************
INFO     root:test_exportCustomerEXCEL_Selected.py:29 ************************* Login Successful ****************
INFO     root:test_exportCustomerEXCEL_Selected.py:31 *************************** Export customer details Test Start *************************
INFO     root:test_exportCustomerEXCEL_Selected.py:37 ******************** Exporting Customer Excel Selected ******************<br/></div></td></tr></tbody>
      <tbody class="failed results-table-row">
        <tr>
          <td class="col-result">Failed</td>
          <td class="col-name">test_exportCustomerXML_Selected.py::Test_ExportCustomerXML_008::test_exportCustomerXML</td>
          <td class="col-duration">8.82</td>
          <td class="col-links"></td></tr>
        <tr>
          <td class="extra" colspan="4">
            <div class="log">self = &lt;testCases.test_exportCustomerXML_Selected.Test_ExportCustomerXML_008 object at 0x0000018CEA21BD50&gt;<br/>setup = &lt;selenium.webdriver.chrome.webdriver.WebDriver (session=&quot;62795c1287def26a20f4d78c57f56aff&quot;)&gt;<br/><br/>    def test_exportCustomerXML(self, setup):<br/>        self.logger.info(&quot;****************** Search Customer By Email **************&quot;)<br/>        self.driver = setup<br/>        self.driver.get(self.baseURL)<br/>        self.driver.maximize_window()<br/>    <br/>        self.lp = LoginPage(self.driver)<br/>        self.lp.setUserName(self.username)<br/>        self.lp.setPassword(self.password)<br/>        self.lp.clickLogin()<br/>        self.logger.info(&quot;************************* Login Successful ****************&quot;)<br/>    <br/>        self.logger.info(&quot;*************************** Export customer details Test Start *************************&quot;)<br/>    <br/>        self.exportCust = exportCustomer(self.driver)<br/>        self.exportCust.clickOnCustomersMenu()<br/>        self.exportCust.clickOnCustomersMenuItem()<br/>    <br/>        self.logger.info(&quot;******************** Exporting Customer Selected ******************&quot;)<br/>    <br/>&gt;       self.exportCust.clickOnTableMainCheckbox()<br/><br/>testCases\test_exportCustomerXML_Selected.py:39: <br/>_ _ _ _ _ _ _ _ _ _ _ _ _ _ _ _ _ _ _ _ _ _ _ _ _ _ _ _ _ _ _ _ _ _ _ _ _ _ _ _ <br/>pageObjects\exportCustomer.py:29: in clickOnTableMainCheckbox<br/>    self.driver.find_element(By.XPATH, self.tblMainCheckbox1_xpath).click()<br/>C:\Users\ndevaraj\AppData\Local\Programs\Python\Python311\Lib\site-packages\selenium\webdriver\remote\webdriver.py:830: in find_element<br/>    return self.execute(Command.FIND_ELEMENT, {&quot;using&quot;: by, &quot;value&quot;: value})[&quot;value&quot;]<br/>C:\Users\ndevaraj\AppData\Local\Programs\Python\Python311\Lib\site-packages\selenium\webdriver\remote\webdriver.py:440: in execute<br/>    self.error_handler.check_response(response)<br/>_ _ _ _ _ _ _ _ _ _ _ _ _ _ _ _ _ _ _ _ _ _ _ _ _ _ _ _ _ _ _ _ _ _ _ _ _ _ _ _ <br/><br/>self = &lt;selenium.webdriver.remote.errorhandler.ErrorHandler object at 0x0000018CEA9F0710&gt;<br/>response = {&#x27;status&#x27;: 404, &#x27;value&#x27;: &#x27;{&quot;value&quot;:{&quot;error&quot;:&quot;no such element&quot;,&quot;message&quot;:&quot;no such element: Unable to locate element: {\...jectPath [0x77BD7B4E+286]\\n\\tRtlGetAppContainerNamedObjectPath [0x77BD7B1E+238]\\n\\t(No symbol) [0x00000000]\\n&quot;}}&#x27;}<br/><br/>    def check_response(self, response: Dict[str, Any]) -&gt; None:<br/>        &quot;&quot;&quot;Checks that a JSON response from the WebDriver does not have an<br/>        error.<br/>    <br/>        :Args:<br/>         - response - The JSON response from the WebDriver server as a dictionary<br/>           object.<br/>    <br/>        :Raises: If the response contains an error message.<br/>        &quot;&quot;&quot;<br/>        status = response.get(&quot;status&quot;, None)<br/>        if not status or status == ErrorCode.SUCCESS:<br/>            return<br/>        value = None<br/>        message = response.get(&quot;message&quot;, &quot;&quot;)<br/>        screen: str = response.get(&quot;screen&quot;, &quot;&quot;)<br/>        stacktrace = None<br/>        if isinstance(status, int):<br/>            value_json = response.get(&quot;value&quot;, None)<br/>            if value_json and isinstance(value_json, str):<br/>                import json<br/>    <br/>                try:<br/>                    value = json.loads(value_json)<br/>                    if len(value.keys()) == 1:<br/>                        value = value[&quot;value&quot;]<br/>                    status = value.get(&quot;error&quot;, None)<br/>                    if not status:<br/>                        status = value.get(&quot;status&quot;, ErrorCode.UNKNOWN_ERROR)<br/>                        message = value.get(&quot;value&quot;) or value.get(&quot;message&quot;)<br/>                        if not isinstance(message, str):<br/>                            value = message<br/>                            message = message.get(&quot;message&quot;)<br/>                    else:<br/>                        message = value.get(&quot;message&quot;, None)<br/>                except ValueError:<br/>                    pass<br/>    <br/>        exception_class: Type[WebDriverException]<br/>        if status in ErrorCode.NO_SUCH_ELEMENT:<br/>            exception_class = NoSuchElementException<br/>        elif status in ErrorCode.NO_SUCH_FRAME:<br/>            exception_class = NoSuchFrameException<br/>        elif status in ErrorCode.NO_SUCH_SHADOW_ROOT:<br/>            exception_class = NoSuchShadowRootException<br/>        elif status in ErrorCode.NO_SUCH_WINDOW:<br/>            exception_class = NoSuchWindowException<br/>        elif status in ErrorCode.STALE_ELEMENT_REFERENCE:<br/>            exception_class = StaleElementReferenceException<br/>        elif status in ErrorCode.ELEMENT_NOT_VISIBLE:<br/>            exception_class = ElementNotVisibleException<br/>        elif status in ErrorCode.INVALID_ELEMENT_STATE:<br/>            exception_class = InvalidElementStateException<br/>        elif (<br/>            status in ErrorCode.INVALID_SELECTOR<br/>            or status in ErrorCode.INVALID_XPATH_SELECTOR<br/>            or status in ErrorCode.INVALID_XPATH_SELECTOR_RETURN_TYPER<br/>        ):<br/>            exception_class = InvalidSelectorException<br/>        elif status in ErrorCode.ELEMENT_IS_NOT_SELECTABLE:<br/>            exception_class = ElementNotSelectableException<br/>        elif status in ErrorCode.ELEMENT_NOT_INTERACTABLE:<br/>            exception_class = ElementNotInteractableException<br/>        elif status in ErrorCode.INVALID_COOKIE_DOMAIN:<br/>            exception_class = InvalidCookieDomainException<br/>        elif status in ErrorCode.UNABLE_TO_SET_COOKIE:<br/>            exception_class = UnableToSetCookieException<br/>        elif status in ErrorCode.TIMEOUT:<br/>            exception_class = TimeoutException<br/>        elif status in ErrorCode.SCRIPT_TIMEOUT:<br/>            exception_class = TimeoutException<br/>        elif status in ErrorCode.UNKNOWN_ERROR:<br/>            exception_class = WebDriverException<br/>        elif status in ErrorCode.UNEXPECTED_ALERT_OPEN:<br/>            exception_class = UnexpectedAlertPresentException<br/>        elif status in ErrorCode.NO_ALERT_OPEN:<br/>            exception_class = NoAlertPresentException<br/>        elif status in ErrorCode.IME_NOT_AVAILABLE:<br/>            exception_class = ImeNotAvailableException<br/>        elif status in ErrorCode.IME_ENGINE_ACTIVATION_FAILED:<br/>            exception_class = ImeActivationFailedException<br/>        elif status in ErrorCode.MOVE_TARGET_OUT_OF_BOUNDS:<br/>            exception_class = MoveTargetOutOfBoundsException<br/>        elif status in ErrorCode.JAVASCRIPT_ERROR:<br/>            exception_class = JavascriptException<br/>        elif status in ErrorCode.SESSION_NOT_CREATED:<br/>            exception_class = SessionNotCreatedException<br/>        elif status in ErrorCode.INVALID_ARGUMENT:<br/>            exception_class = InvalidArgumentException<br/>        elif status in ErrorCode.NO_SUCH_COOKIE:<br/>            exception_class = NoSuchCookieException<br/>        elif status in ErrorCode.UNABLE_TO_CAPTURE_SCREEN:<br/>            exception_class = ScreenshotException<br/>        elif status in ErrorCode.ELEMENT_CLICK_INTERCEPTED:<br/>            exception_class = ElementClickInterceptedException<br/>        elif status in ErrorCode.INSECURE_CERTIFICATE:<br/>            exception_class = InsecureCertificateException<br/>        elif status in ErrorCode.INVALID_COORDINATES:<br/>            exception_class = InvalidCoordinatesException<br/>        elif status in ErrorCode.INVALID_SESSION_ID:<br/>            exception_class = InvalidSessionIdException<br/>        elif status in ErrorCode.UNKNOWN_METHOD:<br/>            exception_class = UnknownMethodException<br/>        else:<br/>            exception_class = WebDriverException<br/>        if not value:<br/>            value = response[&quot;value&quot;]<br/>        if isinstance(value, str):<br/>            raise exception_class(value)<br/>        if message == &quot;&quot; and &quot;message&quot; in value:<br/>            message = value[&quot;message&quot;]<br/>    <br/>        screen = None  # type: ignore[assignment]<br/>        if &quot;screen&quot; in value:<br/>            screen = value[&quot;screen&quot;]<br/>    <br/>        stacktrace = None<br/>        st_value = value.get(&quot;stackTrace&quot;) or value.get(&quot;stacktrace&quot;)<br/>        if st_value:<br/>            if isinstance(st_value, str):<br/>                stacktrace = st_value.split(&quot;\n&quot;)<br/>            else:<br/>                stacktrace = []<br/>                try:<br/>                    for frame in st_value:<br/>                        line = frame.get(&quot;lineNumber&quot;, &quot;&quot;)<br/>                        file = frame.get(&quot;fileName&quot;, &quot;&lt;anonymous&gt;&quot;)<br/>                        if line:<br/>                            file = f&quot;{file}:{line}&quot;<br/>                        meth = frame.get(&quot;methodName&quot;, &quot;&lt;anonymous&gt;&quot;)<br/>                        if &quot;className&quot; in frame:<br/>                            meth = f&quot;{frame[&#x27;className&#x27;]}.{meth}&quot;<br/>                        msg = &quot;    at %s (%s)&quot;<br/>                        msg = msg % (meth, file)<br/>                        stacktrace.append(msg)<br/>                except TypeError:<br/>                    pass<br/>        if exception_class == UnexpectedAlertPresentException:<br/>            alert_text = None<br/>            if &quot;data&quot; in value:<br/>                alert_text = value[&quot;data&quot;].get(&quot;text&quot;)<br/>            elif &quot;alert&quot; in value:<br/>                alert_text = value[&quot;alert&quot;].get(&quot;text&quot;)<br/>            raise exception_class(message, screen, stacktrace, alert_text)  # type: ignore[call-arg]  # mypy is not smart enough here<br/>&gt;       raise exception_class(message, screen, stacktrace)<br/><span class="error">E       selenium.common.exceptions.NoSuchElementException: Message: no such element: Unable to locate element: {&quot;method&quot;:&quot;xpath&quot;,&quot;selector&quot;:&quot;//tbody/tr/td/input[@value=&#x27;6&#x27;]&quot;}</span><br/><span class="error">E         (Session info: chrome=114.0.5735.134)</span><br/><span class="error">E       Stacktrace:</span><br/><span class="error">E       Backtrace:</span><br/><span class="error">E       	GetHandleVerifier [0x0023A813+48355]</span><br/><span class="error">E       	(No symbol) [0x001CC4B1]</span><br/><span class="error">E       	(No symbol) [0x000D5358]</span><br/><span class="error">E       	(No symbol) [0x001009A5]</span><br/><span class="error">E       	(No symbol) [0x00100B3B]</span><br/><span class="error">E       	(No symbol) [0x0012E232]</span><br/><span class="error">E       	(No symbol) [0x0011A784]</span><br/><span class="error">E       	(No symbol) [0x0012C922]</span><br/><span class="error">E       	(No symbol) [0x0011A536]</span><br/><span class="error">E       	(No symbol) [0x000F82DC]</span><br/><span class="error">E       	(No symbol) [0x000F93DD]</span><br/><span class="error">E       	GetHandleVerifier [0x0049AABD+2539405]</span><br/><span class="error">E       	GetHandleVerifier [0x004DA78F+2800735]</span><br/><span class="error">E       	GetHandleVerifier [0x004D456C+2775612]</span><br/><span class="error">E       	GetHandleVerifier [0x002C51E0+616112]</span><br/><span class="error">E       	(No symbol) [0x001D5F8C]</span><br/><span class="error">E       	(No symbol) [0x001D2328]</span><br/><span class="error">E       	(No symbol) [0x001D240B]</span><br/><span class="error">E       	(No symbol) [0x001C4FF7]</span><br/><span class="error">E       	BaseThreadInitThunk [0x760900C9+25]</span><br/><span class="error">E       	RtlGetAppContainerNamedObjectPath [0x77BD7B4E+286]</span><br/><span class="error">E       	RtlGetAppContainerNamedObjectPath [0x77BD7B1E+238]</span><br/><span class="error">E       	(No symbol) [0x00000000]</span><br/><br/>C:\Users\ndevaraj\AppData\Local\Programs\Python\Python311\Lib\site-packages\selenium\webdriver\remote\errorhandler.py:245: NoSuchElementException<br/> -----------------------------Captured stdout setup------------------------------ <br/>Launching Chrome Browser.............
<br/> -------------------------------Captured log call-------------------------------- <br/>INFO     root:test_exportCustomerXML_Selected.py:20 ****************** Search Customer By Email **************
INFO     root:test_exportCustomerXML_Selected.py:29 ************************* Login Successful ****************
INFO     root:test_exportCustomerXML_Selected.py:31 *************************** Export customer details Test Start *************************
INFO     root:test_exportCustomerXML_Selected.py:37 ******************** Exporting Customer Selected ******************<br/></div></td></tr></tbody>
      <tbody class="passed results-table-row">
        <tr>
          <td class="col-result">Passed</td>
          <td class="col-name">test_addCustomer.py::Test_003_AddCustomer::test_addCustomer</td>
          <td class="col-duration">22.20</td>
          <td class="col-links"></td></tr>
        <tr>
          <td class="extra" colspan="4">
            <div class="log"> -----------------------------Captured stdout setup------------------------------ <br/>Launching Chrome Browser.............
<br/> ------------------------------Captured stdout call------------------------------ <br/>John Smith
Logout
Dashboard
Catalog
Sales
Customers
Customers
Customer roles
Online customers
Vendors
Activity log
Activity Types
GDPR requests (log)
Promotions
Content management
Configuration
System
Reports
Help
×
The new customer has been added successfully.
Customers
Add new
Export
  Search
Email
First name
Last name
Date of birth
Month
1
2
3
4
5
6
7
8
9
10
11
12
Day
1
2
3
4
5
6
7
8
9
10
11
12
13
14
15
16
17
18
19
20
21
22
23
24
25
26
27
28
29
30
31
Registration date from
Registration date to
Last activity from
Last activity to
Company
IP address
Customer roles
Registered
Search
Learn more about customers
Email Name Customer roles Company name Active Edit
EgGkQ@gmail.com MohiniTikka Forum Moderators, Registered Maxpi technologies Edit
XfdLu@gmail.com MohiniTikka Forum Moderators, Registered Maxpi technologies Edit
ehXjh@gmail.com MohiniTikka Forum Moderators, Registered Maxpi technologies Edit
xrIuW@gmail.com MohiniTikka Forum Moderators, Registered Maxpi technologies Edit
SujtH@gmail.com MohiniTikka Forum Moderators, Registered Maxpi technologies Edit
LtLYv@gmail.com MohiniTikka Forum Moderators, Registered Maxpi technologies Edit
kPJLV@gmail.com MohiniTikka Forum Moderators, Registered Maxpi technologies Edit
VcYzi@gmail.com MohiniTikka Forum Moderators, Registered Maxpi technologies Edit
kiyjcycyhjc676008@gmail.com Virat Kohli Registered Indian Cricket Team Edit
victoria_victoria@nopCommerce.com Victoria Terces Registered Edit
brenda_lindgren@nopCommerce.com Brenda Lindgren Registered Edit
james_pan@nopCommerce.com James Pan Registered Edit
arthur_holmes@nopCommerce.com Arthur Holmes Registered Edit
steve_gates@nopCommerce.com Steve Gates Registered Edit
admin@yourStore.com John Smith Administrators, Forum Moderators, Registered Edit
1
Show
7
15
20
50
100
items
1-15 of 15 items
Powered by nopCommerce
Thursday, June 29, 2023 11:30 PM
nopCommerce version 4.60.0
<br/> -------------------------------Captured log call-------------------------------- <br/>INFO     root:test_addCustomer.py:22 ********************** Test_003_AddCustomer ***********************
INFO     root:test_addCustomer.py:31 ******************* Login Successful *****************
INFO     root:test_addCustomer.py:33 ******************* Starting Add Customer Test ******************
INFO     root:test_addCustomer.py:41 **************** Providing Customer info ***************
INFO     root:test_addCustomer.py:56 ****************** Saving Customer Info ****************
INFO     root:test_addCustomer.py:58 ***************** Add customer validation started **************
INFO     root:test_addCustomer.py:65 ************ Add Customer Test Passed ******************
INFO     root:test_addCustomer.py:72 *************************** Ending Test_003_AddCustomer Test *************************<br/></div></td></tr></tbody>
      <tbody class="passed results-table-row">
        <tr>
          <td class="col-result">Passed</td>
          <td class="col-name">test_exportCustomerEXCEL_All.py::Test_ExportCustomerExcel_010::test_exportCustomerXML</td>
          <td class="col-duration">9.06</td>
          <td class="col-links"></td></tr>
        <tr>
          <td class="extra" colspan="4">
            <div class="log"> -----------------------------Captured stdout setup------------------------------ <br/>Launching Chrome Browser.............
<br/> -------------------------------Captured log call-------------------------------- <br/>INFO     root:test_exportCustomerEXCEL_All.py:20 ****************** Search Customer By Email **************
INFO     root:test_exportCustomerEXCEL_All.py:29 ************************* Login Successful ****************
INFO     root:test_exportCustomerEXCEL_All.py:31 *************************** Export customer details Test Start *************************
INFO     root:test_exportCustomerEXCEL_All.py:37 ******************** Exporting Customer Excel All ******************
INFO     root:test_exportCustomerEXCEL_All.py:43 ******************* Exporting Customer Excel All *******************<br/></div></td></tr></tbody>
      <tbody class="passed results-table-row">
        <tr>
          <td class="col-result">Passed</td>
          <td class="col-name">test_exportCustomerXML_All.py::Test_ExportCustomerXML_007::test_exportCustomerXML</td>
          <td class="col-duration">20.62</td>
          <td class="col-links"></td></tr>
        <tr>
          <td class="extra" colspan="4">
            <div class="log"> -----------------------------Captured stdout setup------------------------------ <br/>Launching Chrome Browser.............
<br/> -------------------------------Captured log call-------------------------------- <br/>INFO     root:test_exportCustomerXML_All.py:20 ****************** Search Customer By Email **************
INFO     root:test_exportCustomerXML_All.py:29 ************************* Login Successful ****************
INFO     root:test_exportCustomerXML_All.py:31 *************************** Export customer details Test Start *************************
INFO     root:test_exportCustomerXML_All.py:37 ******************** Exporting Customer all ******************
INFO     root:test_exportCustomerXML_All.py:43 ******************* Exporting Customer all *******************<br/></div></td></tr></tbody>
      <tbody class="passed results-table-row">
        <tr>
          <td class="col-result">Passed</td>
          <td class="col-name">test_login.py::Test_001_Login::test_homePageTitle</td>
          <td class="col-duration">6.09</td>
          <td class="col-links"></td></tr>
        <tr>
          <td class="extra" colspan="4">
            <div class="log"> -----------------------------Captured stdout setup------------------------------ <br/>Launching Chrome Browser.............
<br/> -------------------------------Captured log call-------------------------------- <br/>INFO     root:test_login.py:17 ************************* Home page Title Test ***************************
INFO     root:test_login.py:23 ************************* Home page Title is Passed ***************************<br/></div></td></tr></tbody>
      <tbody class="passed results-table-row">
        <tr>
          <td class="col-result">Passed</td>
          <td class="col-name">test_login.py::Test_001_Login::test_login</td>
          <td class="col-duration">16.37</td>
          <td class="col-links"></td></tr>
        <tr>
          <td class="extra" colspan="4">
            <div class="log"> -----------------------------Captured stdout setup------------------------------ <br/>Launching Chrome Browser.............
<br/> -------------------------------Captured log call-------------------------------- <br/>INFO     root:test_login.py:35 ************************* Verifying Login Test ***************************
INFO     root:test_login.py:45 ************************* Login Test is Passed ***************************<br/></div></td></tr></tbody>
      <tbody class="passed results-table-row">
        <tr>
          <td class="col-result">Passed</td>
          <td class="col-name">test_login_ddt.py::Test_002_DDT_Login::test_login</td>
          <td class="col-duration">63.19</td>
          <td class="col-links"></td></tr>
        <tr>
          <td class="extra" colspan="4">
            <div class="log"> -----------------------------Captured stdout setup------------------------------ <br/>Launching Chrome Browser.............
<br/> ------------------------------Captured stdout call------------------------------ <br/>Number of Rows in a Excel 10
<br/> -------------------------------Captured log call-------------------------------- <br/>INFO     root:test_login_ddt.py:15 ************************* Test_002_DDT_Login  ******************
INFO     root:test_login_ddt.py:17 ************************* Verifying Login Test ***************************
INFO     root:test_login_ddt.py:42 *** Passed ***
INFO     root:test_login_ddt.py:54 ***** Passed ******
INFO     root:test_login_ddt.py:54 ***** Passed ******
INFO     root:test_login_ddt.py:54 ***** Passed ******
INFO     root:test_login_ddt.py:51 *** Failed ***
INFO     root:test_login_ddt.py:51 *** Failed ***
INFO     root:test_login_ddt.py:51 *** Failed ***
INFO     root:test_login_ddt.py:54 ***** Passed ******
INFO     root:test_login_ddt.py:54 ***** Passed ******
INFO     root:test_login_ddt.py:62 ******** Login DDt test failed ******
INFO     root:test_login_ddt.py:66 ************** End of Login DDT Test **************
INFO     root:test_login_ddt.py:67 ************************ Completed TC_LoginDDT_002 *********************<br/></div></td></tr></tbody>
      <tbody class="passed results-table-row">
        <tr>
          <td class="col-result">Passed</td>
          <td class="col-name">test_searchCustomerByEmail.py::Test_SearchCustomerByEmail_004::test_searchCustomerByEmail</td>
          <td class="col-duration">16.48</td>
          <td class="col-links"></td></tr>
        <tr>
          <td class="extra" colspan="4">
            <div class="log"> -----------------------------Captured stdout setup------------------------------ <br/>Launching Chrome Browser.............
<br/> -------------------------------Captured log call-------------------------------- <br/>INFO     root:test_searchCustomerByEmail.py:21 ****************** Search Customer By Email **************
INFO     root:test_searchCustomerByEmail.py:30 ************************* Login Successful ****************
INFO     root:test_searchCustomerByEmail.py:32 ******** Starting Search Customer By Email ************
INFO     root:test_searchCustomerByEmail.py:38 ************** Searching Customer By Email Id ****************
INFO     root:test_searchCustomerByEmail.py:46 **************** TC_SearchCustomerByEmail__004 Finished<br/></div></td></tr></tbody>
      <tbody class="passed results-table-row">
        <tr>
          <td class="col-result">Passed</td>
          <td class="col-name">test_searchCustomerByName.py::Test_SearchCustomerByName_005::test_searchCustomerByName</td>
          <td class="col-duration">16.54</td>
          <td class="col-links"></td></tr>
        <tr>
          <td class="extra" colspan="4">
            <div class="log"> -----------------------------Captured stdout setup------------------------------ <br/>Launching Chrome Browser.............
<br/> -------------------------------Captured log call-------------------------------- <br/>INFO     root:test_searchCustomerByName.py:20 ****************** Search Customer By Name **************
INFO     root:test_searchCustomerByName.py:29 ************************* Login Successful ****************
INFO     root:test_searchCustomerByName.py:31 ******** Starting Search Customer By Name ************
INFO     root:test_searchCustomerByName.py:37 ************** Searching Customer By Name ****************
INFO     root:test_searchCustomerByName.py:46 ***************  TC_SearchCustomerByName_005 Finished  ***********<br/></div></td></tr></tbody></table></body></html>